c:\users\jesse\documents\github\directx-2021\jesse_rubin_assignment_1 - copy\rubinjessasst2\rubinjessasst2\x64\debug\vc142.pdb
c:\users\jesse\documents\github\directx-2021\jesse_rubin_assignment_1 - copy\rubinjessasst2\rubinjessasst2\x64\debug\vc142.idb
c:\users\jesse\documents\github\directx-2021\jesse_rubin_assignment_1 - copy\rubinjessasst2\rubinjessasst2\x64\debug\waves.obj
c:\users\jesse\documents\github\directx-2021\jesse_rubin_assignment_1 - copy\rubinjessasst2\rubinjessasst2\x64\debug\mathhelper.obj
c:\users\jesse\documents\github\directx-2021\jesse_rubin_assignment_1 - copy\rubinjessasst2\rubinjessasst2\x64\debug\geometrygenerator.obj
c:\users\jesse\documents\github\directx-2021\jesse_rubin_assignment_1 - copy\rubinjessasst2\rubinjessasst2\x64\debug\gametimer.obj
c:\users\jesse\documents\github\directx-2021\jesse_rubin_assignment_1 - copy\rubinjessasst2\rubinjessasst2\x64\debug\frameresource.obj
c:\users\jesse\documents\github\directx-2021\jesse_rubin_assignment_1 - copy\rubinjessasst2\rubinjessasst2\x64\debug\ddstextureloader.obj
c:\users\jesse\documents\github\directx-2021\jesse_rubin_assignment_1 - copy\rubinjessasst2\rubinjessasst2\x64\debug\d3dutil.obj
c:\users\jesse\documents\github\directx-2021\jesse_rubin_assignment_1 - copy\rubinjessasst2\rubinjessasst2\x64\debug\d3dapp.obj
c:\users\jesse\documents\github\directx-2021\jesse_rubin_assignment_1 - copy\rubinjessasst2\rubinjessasst2\x64\debug\camera.obj
c:\users\jesse\documents\github\directx-2021\jesse_rubin_assignment_1 - copy\rubinjessasst2\rubinjessasst2\x64\debug\world.obj
c:\users\jesse\documents\github\directx-2021\jesse_rubin_assignment_1 - copy\rubinjessasst2\rubinjessasst2\x64\debug\sun.obj
c:\users\jesse\documents\github\directx-2021\jesse_rubin_assignment_1 - copy\rubinjessasst2\rubinjessasst2\x64\debug\sprite.obj
c:\users\jesse\documents\github\directx-2021\jesse_rubin_assignment_1 - copy\rubinjessasst2\rubinjessasst2\x64\debug\ship.obj
c:\users\jesse\documents\github\directx-2021\jesse_rubin_assignment_1 - copy\rubinjessasst2\rubinjessasst2\x64\debug\node.obj
c:\users\jesse\documents\github\directx-2021\jesse_rubin_assignment_1 - copy\rubinjessasst2\rubinjessasst2\x64\debug\main.obj
c:\users\jesse\documents\github\directx-2021\jesse_rubin_assignment_1 - copy\rubinjessasst2\rubinjessasst2\x64\debug\game.obj
c:\users\jesse\documents\github\directx-2021\jesse_rubin_assignment_1 - copy\rubinjessasst2\rubinjessasst2\x64\debug\entity.obj
c:\users\jesse\documents\github\directx-2021\jesse_rubin_assignment_1 - copy\rubinjessasst2\rubinjessasst2\x64\debug\background.obj
c:\users\jesse\documents\github\directx-2021\jesse_rubin_assignment_1 - copy\rubinjessasst2\rubinjessasst2\x64\debug\command.obj
c:\users\jesse\documents\github\directx-2021\jesse_rubin_assignment_1 - copy\rubinjessasst2\rubinjessasst2\x64\debug\commandqueue.obj
c:\users\jesse\documents\github\directx-2021\jesse_rubin_assignment_1 - copy\rubinjessasst2\rubinjessasst2\x64\debug\player.obj
c:\users\jesse\documents\github\directx-2021\jesse_rubin_assignment_1 - copy\rubinjessasst2\rubinjessasst2\x64\debug\phaser.obj
c:\users\jesse\documents\github\directx-2021\jesse_rubin_assignment_1 - copy\rubinjessasst2\rubinjessasst2\x64\debug\phaserpool.obj
c:\users\jesse\documents\github\directx-2021\jesse_rubin_assignment_1 - copy\rubinjessasst2\rubinjessasst2\x64\debug\state.obj
c:\users\jesse\documents\github\directx-2021\jesse_rubin_assignment_1 - copy\rubinjessasst2\rubinjessasst2\x64\debug\titlestate.obj
c:\users\jesse\documents\github\directx-2021\jesse_rubin_assignment_1 - copy\rubinjessasst2\rubinjessasst2\x64\debug\pausestate.obj
c:\users\jesse\documents\github\directx-2021\jesse_rubin_assignment_1 - copy\rubinjessasst2\rubinjessasst2\x64\debug\menustate.obj
c:\users\jesse\documents\github\directx-2021\jesse_rubin_assignment_1 - copy\rubinjessasst2\rubinjessasst2\x64\debug\keybindstate.obj
c:\users\jesse\documents\github\directx-2021\jesse_rubin_assignment_1 - copy\rubinjessasst2\rubinjessasst2\x64\debug\gamestate.obj
c:\users\jesse\documents\github\directx-2021\jesse_rubin_assignment_1 - copy\rubinjessasst2\rubinjessasst2\x64\debug\uiscreen.obj
c:\users\jesse\documents\github\directx-2021\jesse_rubin_assignment_1 - copy\rubinjessasst2\x64\debug\rubinjessasst2.ilk
c:\users\jesse\documents\github\directx-2021\jesse_rubin_assignment_1 - copy\rubinjessasst2\x64\debug\rubinjessasst2.exe
c:\users\jesse\documents\github\directx-2021\jesse_rubin_assignment_1 - copy\rubinjessasst2\x64\debug\rubinjessasst2.pdb
c:\users\jesse\documents\github\directx-2021\jesse_rubin_assignment_1 - copy\rubinjessasst2\rubinjessasst2\x64\debug\rubinjessasst2.tlog\cl.command.1.tlog
c:\users\jesse\documents\github\directx-2021\jesse_rubin_assignment_1 - copy\rubinjessasst2\rubinjessasst2\x64\debug\rubinjessasst2.tlog\cl.read.1.tlog
c:\users\jesse\documents\github\directx-2021\jesse_rubin_assignment_1 - copy\rubinjessasst2\rubinjessasst2\x64\debug\rubinjessasst2.tlog\cl.write.1.tlog
c:\users\jesse\documents\github\directx-2021\jesse_rubin_assignment_1 - copy\rubinjessasst2\rubinjessasst2\x64\debug\rubinjessasst2.tlog\link.command.1.tlog
c:\users\jesse\documents\github\directx-2021\jesse_rubin_assignment_1 - copy\rubinjessasst2\rubinjessasst2\x64\debug\rubinjessasst2.tlog\link.read.1.tlog
c:\users\jesse\documents\github\directx-2021\jesse_rubin_assignment_1 - copy\rubinjessasst2\rubinjessasst2\x64\debug\rubinjessasst2.tlog\link.write.1.tlog
